INFO - classes.py - 50 - Opening file /Users/aryanvafadar/Documents/GitHub/machine_learning_models/files/input_files/house_prices_data.csv to create into a pandas dataframe.
INFO - classes.py - 56 - Initial DataFrame successfully created and set to self.initial_frame
INFO - classes.py - 57 - Shape of Initial Frame: (21613, 21)
INFO - classes.py - 58 - Initial Frame Columns: Index(['id', 'date', 'price', 'bedrooms', 'bathrooms', 'sqft_living',
       'sqft_lot', 'floors', 'waterfront', 'view', 'condition', 'grade',
       'sqft_above', 'sqft_basement', 'yr_built', 'yr_renovated', 'zipcode',
       'lat', 'long', 'sqft_living15', 'sqft_lot15'],
      dtype='object')
INFO - classes.py - 59 - Initial Frame DataTypes: {'id': dtype('int64'), 'date': dtype('O'), 'price': dtype('float64'), 'bedrooms': dtype('int64'), 'bathrooms': dtype('float64'), 'sqft_living': dtype('int64'), 'sqft_lot': dtype('int64'), 'floors': dtype('float64'), 'waterfront': dtype('int64'), 'view': dtype('int64'), 'condition': dtype('int64'), 'grade': dtype('int64'), 'sqft_above': dtype('int64'), 'sqft_basement': dtype('int64'), 'yr_built': dtype('int64'), 'yr_renovated': dtype('int64'), 'zipcode': dtype('int64'), 'lat': dtype('float64'), 'long': dtype('float64'), 'sqft_living15': dtype('int64'), 'sqft_lot15': dtype('int64')}
INFO - classes.py - 60 - Intial Frame Contains Null Values?: id               False
date             False
price            False
bedrooms         False
bathrooms        False
sqft_living      False
sqft_lot         False
floors           False
waterfront       False
view             False
condition        False
grade            False
sqft_above       False
sqft_basement    False
yr_built         False
yr_renovated     False
zipcode          False
lat              False
long             False
sqft_living15    False
sqft_lot15       False
dtype: bool
INFO - classes.py - 61 - Total Number of Null Values in Each Column: id               0
date             0
price            0
bedrooms         0
bathrooms        0
sqft_living      0
sqft_lot         0
floors           0
waterfront       0
view             0
condition        0
grade            0
sqft_above       0
sqft_basement    0
yr_built         0
yr_renovated     0
zipcode          0
lat              0
long             0
sqft_living15    0
sqft_lot15       0
dtype: int64
ERROR - classes.py - 207 - Label does not exist in the current list of columns. Please review and retry.
INFO - classes.py - 237 - Frame cleaning function called. Making a copy of self.initial_frame before beginning cleaning.
INFO - classes.py - 241 - Whitespaces from column headers have been removed.
INFO - classes.py - 245 - Whitespaces removed from rows/samples in the dataset.
INFO - classes.py - 249 - Special characters, symbols and commas removed from the frame.
INFO - classes.py - 251 - Self.initial_frame has been cleaned. New cleaned frame has been set to self.cleaned_frame
INFO - classes.py - 271 - Frame encoding function has been called. All string data will be converted to numeric (int).
INFO - classes.py - 276 - Self.cleaned_frame has been copied.
INFO - classes.py - 280 - SkLearn OneHotEncoder has been instantiated.
INFO - classes.py - 283 - Iterating through the dataframe to search for columns whose data is of type object.
INFO - classes.py - 292 - Number of uniques found in column date: 372
INFO - classes.py - 307 - Because column date has more than 2 unique values, it will be OneHotEncoded.
INFO - classes.py - 311 - Column date has been OneHotEncoded.
INFO - classes.py - 315 - New dataframe with the encoded values has been created.
INFO - classes.py - 319 - Original dataframe and new dataframe have been comibined on the y axis.
INFO - classes.py - 322 - Dataframe has finished being encoded. Label/Target column will now be removed and re-added to the end of the frame.
INFO - classes.py - 325 - Label column price has been removed and readded to the end of the dataframe.
INFO - classes.py - 583 - Get features and labels function has been called.
INFO - classes.py - 592 - Columns in DataFrame: ['id', 'bedrooms', 'bathrooms', 'sqft_living', 'sqft_lot', 'floors', 'waterfront', 'view', 'condition', 'grade', 'sqft_above', 'sqft_basement', 'yr_built', 'yr_renovated', 'zipcode', 'lat', 'long', 'sqft_living15', 'sqft_lot15', 'date_20140502T000000', 'date_20140503T000000', 'date_20140504T000000', 'date_20140505T000000', 'date_20140506T000000', 'date_20140507T000000', 'date_20140508T000000', 'date_20140509T000000', 'date_20140510T000000', 'date_20140511T000000', 'date_20140512T000000', 'date_20140513T000000', 'date_20140514T000000', 'date_20140515T000000', 'date_20140516T000000', 'date_20140517T000000', 'date_20140518T000000', 'date_20140519T000000', 'date_20140520T000000', 'date_20140521T000000', 'date_20140522T000000', 'date_20140523T000000', 'date_20140524T000000', 'date_20140525T000000', 'date_20140526T000000', 'date_20140527T000000', 'date_20140528T000000', 'date_20140529T000000', 'date_20140530T000000', 'date_20140531T000000', 'date_20140601T000000', 'date_20140602T000000', 'date_20140603T000000', 'date_20140604T000000', 'date_20140605T000000', 'date_20140606T000000', 'date_20140607T000000', 'date_20140608T000000', 'date_20140609T000000', 'date_20140610T000000', 'date_20140611T000000', 'date_20140612T000000', 'date_20140613T000000', 'date_20140614T000000', 'date_20140615T000000', 'date_20140616T000000', 'date_20140617T000000', 'date_20140618T000000', 'date_20140619T000000', 'date_20140620T000000', 'date_20140621T000000', 'date_20140622T000000', 'date_20140623T000000', 'date_20140624T000000', 'date_20140625T000000', 'date_20140626T000000', 'date_20140627T000000', 'date_20140628T000000', 'date_20140629T000000', 'date_20140630T000000', 'date_20140701T000000', 'date_20140702T000000', 'date_20140703T000000', 'date_20140704T000000', 'date_20140705T000000', 'date_20140706T000000', 'date_20140707T000000', 'date_20140708T000000', 'date_20140709T000000', 'date_20140710T000000', 'date_20140711T000000', 'date_20140712T000000', 'date_20140713T000000', 'date_20140714T000000', 'date_20140715T000000', 'date_20140716T000000', 'date_20140717T000000', 'date_20140718T000000', 'date_20140719T000000', 'date_20140720T000000', 'date_20140721T000000', 'date_20140722T000000', 'date_20140723T000000', 'date_20140724T000000', 'date_20140725T000000', 'date_20140726T000000', 'date_20140727T000000', 'date_20140728T000000', 'date_20140729T000000', 'date_20140730T000000', 'date_20140731T000000', 'date_20140801T000000', 'date_20140802T000000', 'date_20140803T000000', 'date_20140804T000000', 'date_20140805T000000', 'date_20140806T000000', 'date_20140807T000000', 'date_20140808T000000', 'date_20140809T000000', 'date_20140810T000000', 'date_20140811T000000', 'date_20140812T000000', 'date_20140813T000000', 'date_20140814T000000', 'date_20140815T000000', 'date_20140816T000000', 'date_20140817T000000', 'date_20140818T000000', 'date_20140819T000000', 'date_20140820T000000', 'date_20140821T000000', 'date_20140822T000000', 'date_20140823T000000', 'date_20140824T000000', 'date_20140825T000000', 'date_20140826T000000', 'date_20140827T000000', 'date_20140828T000000', 'date_20140829T000000', 'date_20140830T000000', 'date_20140831T000000', 'date_20140901T000000', 'date_20140902T000000', 'date_20140903T000000', 'date_20140904T000000', 'date_20140905T000000', 'date_20140906T000000', 'date_20140907T000000', 'date_20140908T000000', 'date_20140909T000000', 'date_20140910T000000', 'date_20140911T000000', 'date_20140912T000000', 'date_20140913T000000', 'date_20140914T000000', 'date_20140915T000000', 'date_20140916T000000', 'date_20140917T000000', 'date_20140918T000000', 'date_20140919T000000', 'date_20140920T000000', 'date_20140921T000000', 'date_20140922T000000', 'date_20140923T000000', 'date_20140924T000000', 'date_20140925T000000', 'date_20140926T000000', 'date_20140927T000000', 'date_20140928T000000', 'date_20140929T000000', 'date_20140930T000000', 'date_20141001T000000', 'date_20141002T000000', 'date_20141003T000000', 'date_20141004T000000', 'date_20141005T000000', 'date_20141006T000000', 'date_20141007T000000', 'date_20141008T000000', 'date_20141009T000000', 'date_20141010T000000', 'date_20141011T000000', 'date_20141012T000000', 'date_20141013T000000', 'date_20141014T000000', 'date_20141015T000000', 'date_20141016T000000', 'date_20141017T000000', 'date_20141018T000000', 'date_20141019T000000', 'date_20141020T000000', 'date_20141021T000000', 'date_20141022T000000', 'date_20141023T000000', 'date_20141024T000000', 'date_20141025T000000', 'date_20141026T000000', 'date_20141027T000000', 'date_20141028T000000', 'date_20141029T000000', 'date_20141030T000000', 'date_20141031T000000', 'date_20141101T000000', 'date_20141102T000000', 'date_20141103T000000', 'date_20141104T000000', 'date_20141105T000000', 'date_20141106T000000', 'date_20141107T000000', 'date_20141108T000000', 'date_20141109T000000', 'date_20141110T000000', 'date_20141111T000000', 'date_20141112T000000', 'date_20141113T000000', 'date_20141114T000000', 'date_20141115T000000', 'date_20141116T000000', 'date_20141117T000000', 'date_20141118T000000', 'date_20141119T000000', 'date_20141120T000000', 'date_20141121T000000', 'date_20141122T000000', 'date_20141123T000000', 'date_20141124T000000', 'date_20141125T000000', 'date_20141126T000000', 'date_20141128T000000', 'date_20141129T000000', 'date_20141130T000000', 'date_20141201T000000', 'date_20141202T000000', 'date_20141203T000000', 'date_20141204T000000', 'date_20141205T000000', 'date_20141206T000000', 'date_20141207T000000', 'date_20141208T000000', 'date_20141209T000000', 'date_20141210T000000', 'date_20141211T000000', 'date_20141212T000000', 'date_20141213T000000', 'date_20141214T000000', 'date_20141215T000000', 'date_20141216T000000', 'date_20141217T000000', 'date_20141218T000000', 'date_20141219T000000', 'date_20141220T000000', 'date_20141221T000000', 'date_20141222T000000', 'date_20141223T000000', 'date_20141224T000000', 'date_20141226T000000', 'date_20141227T000000', 'date_20141229T000000', 'date_20141230T000000', 'date_20141231T000000', 'date_20150102T000000', 'date_20150105T000000', 'date_20150106T000000', 'date_20150107T000000', 'date_20150108T000000', 'date_20150109T000000', 'date_20150110T000000', 'date_20150112T000000', 'date_20150113T000000', 'date_20150114T000000', 'date_20150115T000000', 'date_20150116T000000', 'date_20150117T000000', 'date_20150119T000000', 'date_20150120T000000', 'date_20150121T000000', 'date_20150122T000000', 'date_20150123T000000', 'date_20150124T000000', 'date_20150125T000000', 'date_20150126T000000', 'date_20150127T000000', 'date_20150128T000000', 'date_20150129T000000', 'date_20150130T000000', 'date_20150131T000000', 'date_20150201T000000', 'date_20150202T000000', 'date_20150203T000000', 'date_20150204T000000', 'date_20150205T000000', 'date_20150206T000000', 'date_20150207T000000', 'date_20150209T000000', 'date_20150210T000000', 'date_20150211T000000', 'date_20150212T000000', 'date_20150213T000000', 'date_20150214T000000', 'date_20150215T000000', 'date_20150216T000000', 'date_20150217T000000', 'date_20150218T000000', 'date_20150219T000000', 'date_20150220T000000', 'date_20150221T000000', 'date_20150222T000000', 'date_20150223T000000', 'date_20150224T000000', 'date_20150225T000000', 'date_20150226T000000', 'date_20150227T000000', 'date_20150228T000000', 'date_20150301T000000', 'date_20150302T000000', 'date_20150303T000000', 'date_20150304T000000', 'date_20150305T000000', 'date_20150306T000000', 'date_20150307T000000', 'date_20150308T000000', 'date_20150309T000000', 'date_20150310T000000', 'date_20150311T000000', 'date_20150312T000000', 'date_20150313T000000', 'date_20150314T000000', 'date_20150315T000000', 'date_20150316T000000', 'date_20150317T000000', 'date_20150318T000000', 'date_20150319T000000', 'date_20150320T000000', 'date_20150321T000000', 'date_20150322T000000', 'date_20150323T000000', 'date_20150324T000000', 'date_20150325T000000', 'date_20150326T000000', 'date_20150327T000000', 'date_20150328T000000', 'date_20150329T000000', 'date_20150330T000000', 'date_20150331T000000', 'date_20150401T000000', 'date_20150402T000000', 'date_20150403T000000', 'date_20150404T000000', 'date_20150405T000000', 'date_20150406T000000', 'date_20150407T000000', 'date_20150408T000000', 'date_20150409T000000', 'date_20150410T000000', 'date_20150411T000000', 'date_20150412T000000', 'date_20150413T000000', 'date_20150414T000000', 'date_20150415T000000', 'date_20150416T000000', 'date_20150417T000000', 'date_20150418T000000', 'date_20150419T000000', 'date_20150420T000000', 'date_20150421T000000', 'date_20150422T000000', 'date_20150423T000000', 'date_20150424T000000', 'date_20150425T000000', 'date_20150426T000000', 'date_20150427T000000', 'date_20150428T000000', 'date_20150429T000000', 'date_20150430T000000', 'date_20150501T000000', 'date_20150502T000000', 'date_20150503T000000', 'date_20150504T000000', 'date_20150505T000000', 'date_20150506T000000', 'date_20150507T000000', 'date_20150508T000000', 'date_20150509T000000', 'date_20150510T000000', 'date_20150511T000000', 'date_20150512T000000', 'date_20150513T000000', 'date_20150514T000000', 'date_20150515T000000', 'date_20150524T000000', 'date_20150527T000000', 'price']
INFO - classes.py - 600 - List of Features: ['id', 'bedrooms', 'bathrooms', 'sqft_living', 'sqft_lot', 'floors', 'waterfront', 'view', 'condition', 'grade', 'sqft_above', 'sqft_basement', 'yr_built', 'yr_renovated', 'zipcode', 'lat', 'long', 'sqft_living15', 'sqft_lot15', 'date_20140502T000000', 'date_20140503T000000', 'date_20140504T000000', 'date_20140505T000000', 'date_20140506T000000', 'date_20140507T000000', 'date_20140508T000000', 'date_20140509T000000', 'date_20140510T000000', 'date_20140511T000000', 'date_20140512T000000', 'date_20140513T000000', 'date_20140514T000000', 'date_20140515T000000', 'date_20140516T000000', 'date_20140517T000000', 'date_20140518T000000', 'date_20140519T000000', 'date_20140520T000000', 'date_20140521T000000', 'date_20140522T000000', 'date_20140523T000000', 'date_20140524T000000', 'date_20140525T000000', 'date_20140526T000000', 'date_20140527T000000', 'date_20140528T000000', 'date_20140529T000000', 'date_20140530T000000', 'date_20140531T000000', 'date_20140601T000000', 'date_20140602T000000', 'date_20140603T000000', 'date_20140604T000000', 'date_20140605T000000', 'date_20140606T000000', 'date_20140607T000000', 'date_20140608T000000', 'date_20140609T000000', 'date_20140610T000000', 'date_20140611T000000', 'date_20140612T000000', 'date_20140613T000000', 'date_20140614T000000', 'date_20140615T000000', 'date_20140616T000000', 'date_20140617T000000', 'date_20140618T000000', 'date_20140619T000000', 'date_20140620T000000', 'date_20140621T000000', 'date_20140622T000000', 'date_20140623T000000', 'date_20140624T000000', 'date_20140625T000000', 'date_20140626T000000', 'date_20140627T000000', 'date_20140628T000000', 'date_20140629T000000', 'date_20140630T000000', 'date_20140701T000000', 'date_20140702T000000', 'date_20140703T000000', 'date_20140704T000000', 'date_20140705T000000', 'date_20140706T000000', 'date_20140707T000000', 'date_20140708T000000', 'date_20140709T000000', 'date_20140710T000000', 'date_20140711T000000', 'date_20140712T000000', 'date_20140713T000000', 'date_20140714T000000', 'date_20140715T000000', 'date_20140716T000000', 'date_20140717T000000', 'date_20140718T000000', 'date_20140719T000000', 'date_20140720T000000', 'date_20140721T000000', 'date_20140722T000000', 'date_20140723T000000', 'date_20140724T000000', 'date_20140725T000000', 'date_20140726T000000', 'date_20140727T000000', 'date_20140728T000000', 'date_20140729T000000', 'date_20140730T000000', 'date_20140731T000000', 'date_20140801T000000', 'date_20140802T000000', 'date_20140803T000000', 'date_20140804T000000', 'date_20140805T000000', 'date_20140806T000000', 'date_20140807T000000', 'date_20140808T000000', 'date_20140809T000000', 'date_20140810T000000', 'date_20140811T000000', 'date_20140812T000000', 'date_20140813T000000', 'date_20140814T000000', 'date_20140815T000000', 'date_20140816T000000', 'date_20140817T000000', 'date_20140818T000000', 'date_20140819T000000', 'date_20140820T000000', 'date_20140821T000000', 'date_20140822T000000', 'date_20140823T000000', 'date_20140824T000000', 'date_20140825T000000', 'date_20140826T000000', 'date_20140827T000000', 'date_20140828T000000', 'date_20140829T000000', 'date_20140830T000000', 'date_20140831T000000', 'date_20140901T000000', 'date_20140902T000000', 'date_20140903T000000', 'date_20140904T000000', 'date_20140905T000000', 'date_20140906T000000', 'date_20140907T000000', 'date_20140908T000000', 'date_20140909T000000', 'date_20140910T000000', 'date_20140911T000000', 'date_20140912T000000', 'date_20140913T000000', 'date_20140914T000000', 'date_20140915T000000', 'date_20140916T000000', 'date_20140917T000000', 'date_20140918T000000', 'date_20140919T000000', 'date_20140920T000000', 'date_20140921T000000', 'date_20140922T000000', 'date_20140923T000000', 'date_20140924T000000', 'date_20140925T000000', 'date_20140926T000000', 'date_20140927T000000', 'date_20140928T000000', 'date_20140929T000000', 'date_20140930T000000', 'date_20141001T000000', 'date_20141002T000000', 'date_20141003T000000', 'date_20141004T000000', 'date_20141005T000000', 'date_20141006T000000', 'date_20141007T000000', 'date_20141008T000000', 'date_20141009T000000', 'date_20141010T000000', 'date_20141011T000000', 'date_20141012T000000', 'date_20141013T000000', 'date_20141014T000000', 'date_20141015T000000', 'date_20141016T000000', 'date_20141017T000000', 'date_20141018T000000', 'date_20141019T000000', 'date_20141020T000000', 'date_20141021T000000', 'date_20141022T000000', 'date_20141023T000000', 'date_20141024T000000', 'date_20141025T000000', 'date_20141026T000000', 'date_20141027T000000', 'date_20141028T000000', 'date_20141029T000000', 'date_20141030T000000', 'date_20141031T000000', 'date_20141101T000000', 'date_20141102T000000', 'date_20141103T000000', 'date_20141104T000000', 'date_20141105T000000', 'date_20141106T000000', 'date_20141107T000000', 'date_20141108T000000', 'date_20141109T000000', 'date_20141110T000000', 'date_20141111T000000', 'date_20141112T000000', 'date_20141113T000000', 'date_20141114T000000', 'date_20141115T000000', 'date_20141116T000000', 'date_20141117T000000', 'date_20141118T000000', 'date_20141119T000000', 'date_20141120T000000', 'date_20141121T000000', 'date_20141122T000000', 'date_20141123T000000', 'date_20141124T000000', 'date_20141125T000000', 'date_20141126T000000', 'date_20141128T000000', 'date_20141129T000000', 'date_20141130T000000', 'date_20141201T000000', 'date_20141202T000000', 'date_20141203T000000', 'date_20141204T000000', 'date_20141205T000000', 'date_20141206T000000', 'date_20141207T000000', 'date_20141208T000000', 'date_20141209T000000', 'date_20141210T000000', 'date_20141211T000000', 'date_20141212T000000', 'date_20141213T000000', 'date_20141214T000000', 'date_20141215T000000', 'date_20141216T000000', 'date_20141217T000000', 'date_20141218T000000', 'date_20141219T000000', 'date_20141220T000000', 'date_20141221T000000', 'date_20141222T000000', 'date_20141223T000000', 'date_20141224T000000', 'date_20141226T000000', 'date_20141227T000000', 'date_20141229T000000', 'date_20141230T000000', 'date_20141231T000000', 'date_20150102T000000', 'date_20150105T000000', 'date_20150106T000000', 'date_20150107T000000', 'date_20150108T000000', 'date_20150109T000000', 'date_20150110T000000', 'date_20150112T000000', 'date_20150113T000000', 'date_20150114T000000', 'date_20150115T000000', 'date_20150116T000000', 'date_20150117T000000', 'date_20150119T000000', 'date_20150120T000000', 'date_20150121T000000', 'date_20150122T000000', 'date_20150123T000000', 'date_20150124T000000', 'date_20150125T000000', 'date_20150126T000000', 'date_20150127T000000', 'date_20150128T000000', 'date_20150129T000000', 'date_20150130T000000', 'date_20150131T000000', 'date_20150201T000000', 'date_20150202T000000', 'date_20150203T000000', 'date_20150204T000000', 'date_20150205T000000', 'date_20150206T000000', 'date_20150207T000000', 'date_20150209T000000', 'date_20150210T000000', 'date_20150211T000000', 'date_20150212T000000', 'date_20150213T000000', 'date_20150214T000000', 'date_20150215T000000', 'date_20150216T000000', 'date_20150217T000000', 'date_20150218T000000', 'date_20150219T000000', 'date_20150220T000000', 'date_20150221T000000', 'date_20150222T000000', 'date_20150223T000000', 'date_20150224T000000', 'date_20150225T000000', 'date_20150226T000000', 'date_20150227T000000', 'date_20150228T000000', 'date_20150301T000000', 'date_20150302T000000', 'date_20150303T000000', 'date_20150304T000000', 'date_20150305T000000', 'date_20150306T000000', 'date_20150307T000000', 'date_20150308T000000', 'date_20150309T000000', 'date_20150310T000000', 'date_20150311T000000', 'date_20150312T000000', 'date_20150313T000000', 'date_20150314T000000', 'date_20150315T000000', 'date_20150316T000000', 'date_20150317T000000', 'date_20150318T000000', 'date_20150319T000000', 'date_20150320T000000', 'date_20150321T000000', 'date_20150322T000000', 'date_20150323T000000', 'date_20150324T000000', 'date_20150325T000000', 'date_20150326T000000', 'date_20150327T000000', 'date_20150328T000000', 'date_20150329T000000', 'date_20150330T000000', 'date_20150331T000000', 'date_20150401T000000', 'date_20150402T000000', 'date_20150403T000000', 'date_20150404T000000', 'date_20150405T000000', 'date_20150406T000000', 'date_20150407T000000', 'date_20150408T000000', 'date_20150409T000000', 'date_20150410T000000', 'date_20150411T000000', 'date_20150412T000000', 'date_20150413T000000', 'date_20150414T000000', 'date_20150415T000000', 'date_20150416T000000', 'date_20150417T000000', 'date_20150418T000000', 'date_20150419T000000', 'date_20150420T000000', 'date_20150421T000000', 'date_20150422T000000', 'date_20150423T000000', 'date_20150424T000000', 'date_20150425T000000', 'date_20150426T000000', 'date_20150427T000000', 'date_20150428T000000', 'date_20150429T000000', 'date_20150430T000000', 'date_20150501T000000', 'date_20150502T000000', 'date_20150503T000000', 'date_20150504T000000', 'date_20150505T000000', 'date_20150506T000000', 'date_20150507T000000', 'date_20150508T000000', 'date_20150509T000000', 'date_20150510T000000', 'date_20150511T000000', 'date_20150512T000000', 'date_20150513T000000', 'date_20150514T000000', 'date_20150515T000000', 'date_20150524T000000', 'date_20150527T000000']. These columns will be used to create our X variable.
INFO - classes.py - 601 - List of Labels: price. This will be used for our y variable.
INFO - classes.py - 605 - X DataFrame created, and will be used for train_test_split. X Frame Shape: (21613, 391)
INFO - classes.py - 606 - y DataFrame created, and will be used for train_test_split. y Frame Shape: (21613,)
INFO - classes.py - 616 - X and y variables have been split into training and testing data. This first split should not be used to train and tune the machine learing model. It should only be used for training and testing after the model has been trained and tuned.
INFO - classes.py - 617 - First Split Test Size: 0.22
INFO - classes.py - 618 - Size X_train_full: (16858, 391) | Size X_test: (4755, 391)
INFO - classes.py - 619 - Size of y_train_full: (16858,) | Size y_test: (4755,)
INFO - classes.py - 623 - X_train_full and y_train_full have been split again to create training and testing data to train and tune our model. These new variables (X_train, X_val, y_train, y_val) should only be used to find which model works best on our dataset, and then subsequently tuning this model.
INFO - classes.py - 624 - Size X_train: (13486, 391) | Size X_val: (3372, 391)
INFO - classes.py - 625 - Size of y_train: (13486,) | Size y_val: (3372,)
INFO - classes.py - 627 - Testing and Training data have successfully been created. Ready now to get the best model.
INFO - classes.py - 935 - Random Forest Optimization function called.
INFO - classes.py - 950 - Dataset: 13486 samples, 391 features.
